0 info it worked if it ends with ok
1 verbose cli [ 'node', '/usr/local/bin/npm', 'run', 'start' ]
2 info using npm@3.8.9
3 info using node@v0.12.7
4 verbose node symlink /usr/local/bin/node
5 verbose run-script [ 'prestart', 'start', 'poststart' ]
6 info lifecycle voting-server@1.0.0~prestart: voting-server@1.0.0
7 silly lifecycle voting-server@1.0.0~prestart: no script for prestart, continuing
8 info lifecycle voting-server@1.0.0~start: voting-server@1.0.0
9 verbose lifecycle voting-server@1.0.0~start: unsafe-perm in lifecycle true
10 verbose lifecycle voting-server@1.0.0~start: PATH: /usr/local/lib/node_modules/npm/bin/node-gyp-bin:/Users/josephbosire/Desktop/voting-server/node_modules/.bin:/usr/local/bin:/Applications/XAMPP/xamppfiles/bin:/Applications/XAMPP/xamppfiles/bin:/usr/local/bin:/usr/bin:/bin:/usr/sbin:/sbin:/opt/X11/bin:/usr/local/sbin:/Applications/Postgres.app/Contents/Versions/9.4/bin:/usr/local/sbin:/Applications/Postgres.app/Contents/Versions/9.4/bin
11 verbose lifecycle voting-server@1.0.0~start: CWD: /Users/josephbosire/Desktop/voting-server
12 silly lifecycle voting-server@1.0.0~start: Args: [ '-c', 'babel-node index.js' ]
13 silly lifecycle voting-server@1.0.0~start: Returned: code: 1  signal: null
14 info lifecycle voting-server@1.0.0~start: Failed to exec start script
15 verbose stack Error: voting-server@1.0.0 start: `babel-node index.js`
15 verbose stack Exit status 1
15 verbose stack     at EventEmitter.<anonymous> (/usr/local/lib/node_modules/npm/lib/utils/lifecycle.js:245:16)
15 verbose stack     at EventEmitter.emit (events.js:110:17)
15 verbose stack     at ChildProcess.<anonymous> (/usr/local/lib/node_modules/npm/lib/utils/spawn.js:24:14)
15 verbose stack     at ChildProcess.emit (events.js:110:17)
15 verbose stack     at maybeClose (child_process.js:1015:16)
15 verbose stack     at Process.ChildProcess._handle.onexit (child_process.js:1087:5)
16 verbose pkgid voting-server@1.0.0
17 verbose cwd /Users/josephbosire/Desktop/voting-server
18 error Darwin 15.0.0
19 error argv "node" "/usr/local/bin/npm" "run" "start"
20 error node v0.12.7
21 error npm  v3.8.9
22 error code ELIFECYCLE
23 error voting-server@1.0.0 start: `babel-node index.js`
23 error Exit status 1
24 error Failed at the voting-server@1.0.0 start script 'babel-node index.js'.
24 error Make sure you have the latest version of node.js and npm installed.
24 error If you do, this is most likely a problem with the voting-server package,
24 error not with npm itself.
24 error Tell the author that this fails on your system:
24 error     babel-node index.js
24 error You can get information on how to open an issue for this project with:
24 error     npm bugs voting-server
24 error Or if that isn't available, you can get their info via:
24 error     npm owner ls voting-server
24 error There is likely additional logging output above.
25 verbose exit [ 1, true ]
